Determining if the pthread_create exist failed with the following output:
Change Dir: /home/jan/apurva_joshi/crazygames_ws/build/CMakeFiles/CMakeTmp

Run Build Command:/usr/bin/make "cmTryCompileExec3058184580/fast"
/usr/bin/make -f CMakeFiles/cmTryCompileExec3058184580.dir/build.make CMakeFiles/cmTryCompileExec3058184580.dir/build
make[1]: Entering directory `/home/jan/apurva_joshi/crazygames_ws/build/CMakeFiles/CMakeTmp'
/usr/bin/cmake -E cmake_progress_report /home/jan/apurva_joshi/crazygames_ws/build/CMakeFiles/CMakeTmp/CMakeFiles 1
Building C object CMakeFiles/cmTryCompileExec3058184580.dir/CheckSymbolExists.c.o
/usr/bin/cc    -o CMakeFiles/cmTryCompileExec3058184580.dir/CheckSymbolExists.c.o   -c /home/jan/apurva_joshi/crazygames_ws/build/CMakeFiles/CMakeTmp/CheckSymbolExists.c
Linking C executable cmTryCompileExec3058184580
/usr/bin/cmake -E cmake_link_script CMakeFiles/cmTryCompileExec3058184580.dir/link.txt --verbose=1
/usr/bin/cc       CMakeFiles/cmTryCompileExec3058184580.dir/CheckSymbolExists.c.o  -o cmTryCompileExec3058184580 -rdynamic 
CMakeFiles/cmTryCompileExec3058184580.dir/CheckSymbolExists.c.o: In function `main':
CheckSymbolExists.c:(.text+0x16): undefined reference to `pthread_create'
collect2: error: ld returned 1 exit status
make[1]: Leaving directory `/home/jan/apurva_joshi/crazygames_ws/build/CMakeFiles/CMakeTmp'
make[1]: *** [cmTryCompileExec3058184580] Error 1
make: *** [cmTryCompileExec3058184580/fast] Error 2

File /home/jan/apurva_joshi/crazygames_ws/build/CMakeFiles/CMakeTmp/CheckSymbolExists.c:
/* */
#include <pthread.h>

int main(int argc, char** argv)
{
  (void)argv;
#ifndef pthread_create
  return ((int*)(&pthread_create))[argc];
#else
  (void)argc;
  return 0;
#endif
}

Determining if the function pthread_create exists in the pthreads failed with the following output:
Change Dir: /home/jan/apurva_joshi/crazygames_ws/build/CMakeFiles/CMakeTmp

Run Build Command:/usr/bin/make "cmTryCompileExec3449675219/fast"
/usr/bin/make -f CMakeFiles/cmTryCompileExec3449675219.dir/build.make CMakeFiles/cmTryCompileExec3449675219.dir/build
make[1]: Entering directory `/home/jan/apurva_joshi/crazygames_ws/build/CMakeFiles/CMakeTmp'
/usr/bin/cmake -E cmake_progress_report /home/jan/apurva_joshi/crazygames_ws/build/CMakeFiles/CMakeTmp/CMakeFiles 1
Building C object CMakeFiles/cmTryCompileExec3449675219.dir/CheckFunctionExists.c.o
/usr/bin/cc   -DCHECK_FUNCTION_EXISTS=pthread_create   -o CMakeFiles/cmTryCompileExec3449675219.dir/CheckFunctionExists.c.o   -c /usr/share/cmake-2.8/Modules/CheckFunctionExists.c
Linking C executable cmTryCompileExec3449675219
/usr/bin/cmake -E cmake_link_script CMakeFiles/cmTryCompileExec3449675219.dir/link.txt --verbose=1
/usr/bin/cc   -DCHECK_FUNCTION_EXISTS=pthread_create    CMakeFiles/cmTryCompileExec3449675219.dir/CheckFunctionExists.c.o  -o cmTryCompileExec3449675219 -rdynamic -lpthreads 
/usr/bin/ld: cannot find -lpthreads
collect2: error: ld returned 1 exit status
make[1]: Leaving directory `/home/jan/apurva_joshi/crazygames_ws/build/CMakeFiles/CMakeTmp'
make[1]: *** [cmTryCompileExec3449675219] Error 1
make: *** [cmTryCompileExec3449675219/fast] Error 2


